{"/Users/Prishal/Library/Mobile Documents/com~apple~CloudDocs/Gebru/penguin-journals/server/app.js": {"path":"/Users/Prishal/Library/Mobile Documents/com~apple~CloudDocs/Gebru/penguin-journals/server/app.js","statementMap":{"0":{"start":{"line":1,"column":16},"end":{"line":1,"column":34}},"1":{"start":{"line":2,"column":12},"end":{"line":2,"column":21}},"2":{"start":{"line":3,"column":13},"end":{"line":3,"column":28}},"3":{"start":{"line":4,"column":17},"end":{"line":4,"column":36}},"4":{"start":{"line":5,"column":11},"end":{"line":5,"column":24}},"5":{"start":{"line":6,"column":14},"end":{"line":6,"column":37}},"6":{"start":{"line":8,"column":0},"end":{"line":8,"column":16}},"7":{"start":{"line":9,"column":0},"end":{"line":9,"column":24}},"8":{"start":{"line":16,"column":0},"end":{"line":20,"column":3}},"9":{"start":{"line":17,"column":2},"end":{"line":19,"column":5}},"10":{"start":{"line":23,"column":0},"end":{"line":25,"column":3}},"11":{"start":{"line":24,"column":2},"end":{"line":24,"column":18}},"12":{"start":{"line":28,"column":0},"end":{"line":38,"column":3}},"13":{"start":{"line":29,"column":17},"end":{"line":29,"column":34}},"14":{"start":{"line":30,"column":12},"end":{"line":30,"column":28}},"15":{"start":{"line":31,"column":2},"end":{"line":37,"column":3}},"16":{"start":{"line":32,"column":4},"end":{"line":32,"column":28}},"17":{"start":{"line":34,"column":4},"end":{"line":36,"column":7}},"18":{"start":{"line":40,"column":0},"end":{"line":75,"column":3}},"19":{"start":{"line":42,"column":4},"end":{"line":47,"column":6}},"20":{"start":{"line":50,"column":2},"end":{"line":74,"column":3}},"21":{"start":{"line":51,"column":16},"end":{"line":51,"column":26}},"22":{"start":{"line":52,"column":15},"end":{"line":52,"column":89}},"23":{"start":{"line":53,"column":15},"end":{"line":53,"column":85}},"24":{"start":{"line":54,"column":19},"end":{"line":54,"column":36}},"25":{"start":{"line":55,"column":17},"end":{"line":64,"column":5}},"26":{"start":{"line":65,"column":4},"end":{"line":68,"column":7}},"27":{"start":{"line":66,"column":6},"end":{"line":66,"column":22}},"28":{"start":{"line":67,"column":6},"end":{"line":67,"column":45}},"29":{"start":{"line":70,"column":4},"end":{"line":70,"column":20}},"30":{"start":{"line":71,"column":4},"end":{"line":73,"column":7}},"31":{"start":{"line":77,"column":0},"end":{"line":77,"column":21}}},"fnMap":{"0":{"name":"(anonymous_0)","decl":{"start":{"line":16,"column":13},"end":{"line":16,"column":14}},"loc":{"start":{"line":16,"column":27},"end":{"line":20,"column":1}},"line":16},"1":{"name":"(anonymous_1)","decl":{"start":{"line":23,"column":20},"end":{"line":23,"column":21}},"loc":{"start":{"line":23,"column":34},"end":{"line":25,"column":1}},"line":23},"2":{"name":"(anonymous_2)","decl":{"start":{"line":28,"column":24},"end":{"line":28,"column":25}},"loc":{"start":{"line":28,"column":38},"end":{"line":38,"column":1}},"line":28},"3":{"name":"(anonymous_3)","decl":{"start":{"line":40,"column":21},"end":{"line":40,"column":22}},"loc":{"start":{"line":40,"column":35},"end":{"line":75,"column":1}},"line":40},"4":{"name":"isValidPost","decl":{"start":{"line":41,"column":11},"end":{"line":41,"column":22}},"loc":{"start":{"line":41,"column":29},"end":{"line":48,"column":3}},"line":41},"5":{"name":"(anonymous_5)","decl":{"start":{"line":65,"column":36},"end":{"line":65,"column":37}},"loc":{"start":{"line":65,"column":51},"end":{"line":68,"column":5}},"line":65}},"branchMap":{"0":{"loc":{"start":{"line":31,"column":2},"end":{"line":37,"column":3}},"type":"if","locations":[{"start":{"line":31,"column":2},"end":{"line":37,"column":3}},{"start":{"line":33,"column":9},"end":{"line":37,"column":3}}],"line":31},"1":{"loc":{"start":{"line":31,"column":6},"end":{"line":31,"column":34}},"type":"binary-expr","locations":[{"start":{"line":31,"column":6},"end":{"line":31,"column":17}},{"start":{"line":31,"column":21},"end":{"line":31,"column":34}}],"line":31},"2":{"loc":{"start":{"line":43,"column":6},"end":{"line":46,"column":43}},"type":"binary-expr","locations":[{"start":{"line":43,"column":6},"end":{"line":43,"column":16}},{"start":{"line":44,"column":6},"end":{"line":44,"column":41}},{"start":{"line":45,"column":6},"end":{"line":45,"column":18}},{"start":{"line":46,"column":6},"end":{"line":46,"column":43}}],"line":43},"3":{"loc":{"start":{"line":50,"column":2},"end":{"line":74,"column":3}},"type":"if","locations":[{"start":{"line":50,"column":2},"end":{"line":74,"column":3}},{"start":{"line":69,"column":9},"end":{"line":74,"column":3}}],"line":50}},"s":{"0":1,"1":1,"2":1,"3":1,"4":1,"5":1,"6":1,"7":1,"8":1,"9":1,"10":1,"11":1,"12":1,"13":2,"14":2,"15":2,"16":1,"17":1,"18":1,"19":1,"20":1,"21":0,"22":0,"23":0,"24":0,"25":0,"26":0,"27":0,"28":0,"29":1,"30":1,"31":1},"f":{"0":1,"1":1,"2":2,"3":1,"4":1,"5":0},"b":{"0":[1,1],"1":[2,2],"2":[1,0,0,0],"3":[0,1]},"_coverageSchema":"1a1c01bbd47fc00a2c39e90264f33305004495a9","hash":"93c45fbac549687ec3d6b5dfe88e9444e5f94751"}
}
