TN:
SF:app.js
FN:16,(anonymous_0)
FN:23,(anonymous_1)
FN:28,(anonymous_2)
FN:40,(anonymous_3)
FN:41,isValidPost
FN:65,(anonymous_5)
FNF:6
FNH:5
FNDA:1,(anonymous_0)
FNDA:1,(anonymous_1)
FNDA:2,(anonymous_2)
FNDA:1,(anonymous_3)
FNDA:1,isValidPost
FNDA:0,(anonymous_5)
DA:1,1
DA:2,1
DA:3,1
DA:4,1
DA:5,1
DA:6,1
DA:8,1
DA:9,1
DA:16,1
DA:17,1
DA:23,1
DA:24,1
DA:28,1
DA:29,2
DA:30,2
DA:31,2
DA:32,1
DA:34,1
DA:40,1
DA:42,1
DA:50,1
DA:51,0
DA:52,0
DA:53,0
DA:54,0
DA:55,0
DA:65,0
DA:66,0
DA:67,0
DA:70,1
DA:71,1
DA:77,1
LF:32
LH:24
BRDA:31,0,0,1
BRDA:31,0,1,1
BRDA:31,1,0,2
BRDA:31,1,1,2
BRDA:43,2,0,1
BRDA:43,2,1,0
BRDA:43,2,2,0
BRDA:43,2,3,0
BRDA:50,3,0,0
BRDA:50,3,1,1
BRF:10
BRH:6
end_of_record
